<?xml version="1.0" encoding="UTF-8"?>
<testsuite xmlns:xsi="http://www.w3.org/2001/XMLSchema-instance" xsi:noNamespaceSchemaLocation="https://maven.apache.org/surefire/maven-surefire-plugin/xsd/surefire-test-report-3.0.xsd" version="3.0" name="com.udacity.catpoint.securityservice.service.SecurityServiceTest" time="0.684" tests="21" errors="0" skipped="0" failures="0">
  <properties>
    <property name="java.specification.version" value="14"/>
    <property name="sun.cpu.isalist" value="amd64"/>
    <property name="sun.jnu.encoding" value="GBK"/>
    <property name="java.class.path" value="C:\Users\xiuyu\Documents\GitHub\Udasecurity-Java-new\starter\catpoint-parent\security-service\target\test-classes;C:\Users\xiuyu\.m2\repository\software\amazon\awssdk\annotations\2.17.201\annotations-2.17.201.jar;C:\Users\xiuyu\.m2\repository\software\amazon\awssdk\utils\2.17.201\utils-2.17.201.jar;C:\Users\xiuyu\.m2\repository\org\reactivestreams\reactive-streams\1.0.3\reactive-streams-1.0.3.jar;C:\Users\xiuyu\.m2\repository\software\amazon\awssdk\profiles\2.17.201\profiles-2.17.201.jar;C:\Users\xiuyu\.m2\repository\software\amazon\awssdk\http-client-spi\2.17.201\http-client-spi-2.17.201.jar;C:\Users\xiuyu\.m2\repository\software\amazon\awssdk\json-utils\2.17.201\json-utils-2.17.201.jar;C:\Users\xiuyu\.m2\repository\software\amazon\awssdk\third-party-jackson-core\2.17.201\third-party-jackson-core-2.17.201.jar;C:\Users\xiuyu\.m2\repository\software\amazon\eventstream\eventstream\1.0.1\eventstream-1.0.1.jar;C:\Users\xiuyu\.m2\repository\software\amazon\awssdk\aws-json-protocol\2.17.201\aws-json-protocol-2.17.201.jar;C:\Users\xiuyu\.m2\repository\software\amazon\awssdk\protocol-core\2.17.201\protocol-core-2.17.201.jar;C:\Users\xiuyu\.m2\repository\software\amazon\awssdk\aws-core\2.17.201\aws-core-2.17.201.jar;C:\Users\xiuyu\.m2\repository\software\amazon\awssdk\metrics-spi\2.17.201\metrics-spi-2.17.201.jar;C:\Users\xiuyu\.m2\repository\software\amazon\awssdk\apache-client\2.17.201\apache-client-2.17.201.jar;C:\Users\xiuyu\.m2\repository\org\apache\httpcomponents\httpclient\4.5.13\httpclient-4.5.13.jar;C:\Users\xiuyu\.m2\repository\commons-logging\commons-logging\1.2\commons-logging-1.2.jar;C:\Users\xiuyu\.m2\repository\commons-codec\commons-codec\1.11\commons-codec-1.11.jar;C:\Users\xiuyu\.m2\repository\org\apache\httpcomponents\httpcore\4.4.13\httpcore-4.4.13.jar;C:\Users\xiuyu\.m2\repository\software\amazon\awssdk\netty-nio-client\2.17.201\netty-nio-client-2.17.201.jar;C:\Users\xiuyu\.m2\repository\io\netty\netty-codec-http\4.1.77.Final\netty-codec-http-4.1.77.Final.jar;C:\Users\xiuyu\.m2\repository\io\netty\netty-codec-http2\4.1.77.Final\netty-codec-http2-4.1.77.Final.jar;C:\Users\xiuyu\.m2\repository\io\netty\netty-codec\4.1.77.Final\netty-codec-4.1.77.Final.jar;C:\Users\xiuyu\.m2\repository\io\netty\netty-transport\4.1.77.Final\netty-transport-4.1.77.Final.jar;C:\Users\xiuyu\.m2\repository\io\netty\netty-resolver\4.1.77.Final\netty-resolver-4.1.77.Final.jar;C:\Users\xiuyu\.m2\repository\io\netty\netty-common\4.1.77.Final\netty-common-4.1.77.Final.jar;C:\Users\xiuyu\.m2\repository\io\netty\netty-buffer\4.1.77.Final\netty-buffer-4.1.77.Final.jar;C:\Users\xiuyu\.m2\repository\io\netty\netty-handler\4.1.77.Final\netty-handler-4.1.77.Final.jar;C:\Users\xiuyu\.m2\repository\io\netty\netty-transport-classes-epoll\4.1.77.Final\netty-transport-classes-epoll-4.1.77.Final.jar;C:\Users\xiuyu\.m2\repository\io\netty\netty-transport-native-unix-common\4.1.77.Final\netty-transport-native-unix-common-4.1.77.Final.jar;C:\Users\xiuyu\.m2\repository\com\typesafe\netty\netty-reactive-streams-http\2.0.5\netty-reactive-streams-http-2.0.5.jar;C:\Users\xiuyu\.m2\repository\com\typesafe\netty\netty-reactive-streams\2.0.5\netty-reactive-streams-2.0.5.jar;C:\Users\xiuyu\.m2\repository\com\google\guava\failureaccess\1.0.1\failureaccess-1.0.1.jar;C:\Users\xiuyu\.m2\repository\com\google\guava\listenablefuture\9999.0-empty-to-avoid-conflict-with-guava\listenablefuture-9999.0-empty-to-avoid-conflict-with-guava.jar;C:\Users\xiuyu\.m2\repository\com\google\code\findbugs\jsr305\3.0.2\jsr305-3.0.2.jar;C:\Users\xiuyu\.m2\repository\org\checkerframework\checker-qual\3.12.0\checker-qual-3.12.0.jar;C:\Users\xiuyu\.m2\repository\com\google\errorprone\error_prone_annotations\2.11.0\error_prone_annotations-2.11.0.jar;C:\Users\xiuyu\.m2\repository\com\google\j2objc\j2objc-annotations\1.3\j2objc-annotations-1.3.jar;C:\Users\xiuyu\.m2\repository\org\apache\maven\maven-plugin-api\3.8.5\maven-plugin-api-3.8.5.jar;C:\Users\xiuyu\.m2\repository\org\apache\maven\maven-model\3.8.5\maven-model-3.8.5.jar;C:\Users\xiuyu\.m2\repository\org\apache\maven\maven-artifact\3.8.5\maven-artifact-3.8.5.jar;C:\Users\xiuyu\.m2\repository\org\apache\commons\commons-lang3\3.8.1\commons-lang3-3.8.1.jar;C:\Users\xiuyu\.m2\repository\org\eclipse\sisu\org.eclipse.sisu.plexus\0.3.5\org.eclipse.sisu.plexus-0.3.5.jar;C:\Users\xiuyu\.m2\repository\javax\annotation\javax.annotation-api\1.2\javax.annotation-api-1.2.jar;C:\Users\xiuyu\.m2\repository\org\eclipse\sisu\org.eclipse.sisu.inject\0.3.5\org.eclipse.sisu.inject-0.3.5.jar;C:\Users\xiuyu\.m2\repository\org\codehaus\plexus\plexus-component-annotations\1.5.5\plexus-component-annotations-1.5.5.jar;C:\Users\xiuyu\.m2\repository\org\codehaus\plexus\plexus-utils\3.3.0\plexus-utils-3.3.0.jar;C:\Users\xiuyu\.m2\repository\org\codehaus\plexus\plexus-classworlds\2.6.0\plexus-classworlds-2.6.0.jar;C:\Users\xiuyu\.m2\repository\org\junit\jupiter\junit-jupiter-api\5.8.2\junit-jupiter-api-5.8.2.jar;C:\Users\xiuyu\.m2\repository\org\opentest4j\opentest4j\1.2.0\opentest4j-1.2.0.jar;C:\Users\xiuyu\.m2\repository\org\junit\platform\junit-platform-commons\1.8.2\junit-platform-commons-1.8.2.jar;C:\Users\xiuyu\.m2\repository\org\apiguardian\apiguardian-api\1.1.2\apiguardian-api-1.1.2.jar;C:\Users\xiuyu\.m2\repository\org\junit\jupiter\junit-jupiter-params\5.9.0-M1\junit-jupiter-params-5.9.0-M1.jar;C:\Users\xiuyu\.m2\repository\org\mockito\mockito-junit-jupiter\4.5.1\mockito-junit-jupiter-4.5.1.jar;C:\Users\xiuyu\.m2\repository\org\mockito\mockito-core\4.5.1\mockito-core-4.5.1.jar;C:\Users\xiuyu\.m2\repository\net\bytebuddy\byte-buddy\1.12.9\byte-buddy-1.12.9.jar;C:\Users\xiuyu\.m2\repository\net\bytebuddy\byte-buddy-agent\1.12.9\byte-buddy-agent-1.12.9.jar;C:\Users\xiuyu\.m2\repository\org\objenesis\objenesis\3.2\objenesis-3.2.jar;C:\Users\xiuyu\.m2\repository\org\hamcrest\hamcrest-core\1.3\hamcrest-core-1.3.jar;"/>
    <property name="java.vm.vendor" value="Oracle Corporation"/>
    <property name="sun.arch.data.model" value="64"/>
    <property name="user.variant" value=""/>
    <property name="java.vendor.url" value="https://java.oracle.com/"/>
    <property name="user.timezone" value="America/New_York"/>
    <property name="os.name" value="Windows 10"/>
    <property name="java.vm.specification.version" value="14"/>
    <property name="sun.java.launcher" value="SUN_STANDARD"/>
    <property name="user.country" value="CN"/>
    <property name="sun.boot.library.path" value="C:\Program Files (x86)\jdk-14.0.2\bin"/>
    <property name="sun.java.command" value="org.apache.maven.surefire.booter.ForkedBooter C:\Users\xiuyu\AppData\Local\Temp\surefire5172822032781902012 2022-06-15T17-39-26_031-jvmRun1 surefire15490087997844870424tmp surefire_07526438951160390295tmp"/>
    <property name="jdk.debug" value="release"/>
    <property name="surefire.test.class.path" value="C:\Users\xiuyu\Documents\GitHub\Udasecurity-Java-new\starter\catpoint-parent\security-service\target\test-classes;C:\Users\xiuyu\.m2\repository\software\amazon\awssdk\annotations\2.17.201\annotations-2.17.201.jar;C:\Users\xiuyu\.m2\repository\software\amazon\awssdk\utils\2.17.201\utils-2.17.201.jar;C:\Users\xiuyu\.m2\repository\org\reactivestreams\reactive-streams\1.0.3\reactive-streams-1.0.3.jar;C:\Users\xiuyu\.m2\repository\software\amazon\awssdk\profiles\2.17.201\profiles-2.17.201.jar;C:\Users\xiuyu\.m2\repository\software\amazon\awssdk\http-client-spi\2.17.201\http-client-spi-2.17.201.jar;C:\Users\xiuyu\.m2\repository\software\amazon\awssdk\json-utils\2.17.201\json-utils-2.17.201.jar;C:\Users\xiuyu\.m2\repository\software\amazon\awssdk\third-party-jackson-core\2.17.201\third-party-jackson-core-2.17.201.jar;C:\Users\xiuyu\.m2\repository\software\amazon\eventstream\eventstream\1.0.1\eventstream-1.0.1.jar;C:\Users\xiuyu\.m2\repository\software\amazon\awssdk\aws-json-protocol\2.17.201\aws-json-protocol-2.17.201.jar;C:\Users\xiuyu\.m2\repository\software\amazon\awssdk\protocol-core\2.17.201\protocol-core-2.17.201.jar;C:\Users\xiuyu\.m2\repository\software\amazon\awssdk\aws-core\2.17.201\aws-core-2.17.201.jar;C:\Users\xiuyu\.m2\repository\software\amazon\awssdk\metrics-spi\2.17.201\metrics-spi-2.17.201.jar;C:\Users\xiuyu\.m2\repository\software\amazon\awssdk\apache-client\2.17.201\apache-client-2.17.201.jar;C:\Users\xiuyu\.m2\repository\org\apache\httpcomponents\httpclient\4.5.13\httpclient-4.5.13.jar;C:\Users\xiuyu\.m2\repository\commons-logging\commons-logging\1.2\commons-logging-1.2.jar;C:\Users\xiuyu\.m2\repository\commons-codec\commons-codec\1.11\commons-codec-1.11.jar;C:\Users\xiuyu\.m2\repository\org\apache\httpcomponents\httpcore\4.4.13\httpcore-4.4.13.jar;C:\Users\xiuyu\.m2\repository\software\amazon\awssdk\netty-nio-client\2.17.201\netty-nio-client-2.17.201.jar;C:\Users\xiuyu\.m2\repository\io\netty\netty-codec-http\4.1.77.Final\netty-codec-http-4.1.77.Final.jar;C:\Users\xiuyu\.m2\repository\io\netty\netty-codec-http2\4.1.77.Final\netty-codec-http2-4.1.77.Final.jar;C:\Users\xiuyu\.m2\repository\io\netty\netty-codec\4.1.77.Final\netty-codec-4.1.77.Final.jar;C:\Users\xiuyu\.m2\repository\io\netty\netty-transport\4.1.77.Final\netty-transport-4.1.77.Final.jar;C:\Users\xiuyu\.m2\repository\io\netty\netty-resolver\4.1.77.Final\netty-resolver-4.1.77.Final.jar;C:\Users\xiuyu\.m2\repository\io\netty\netty-common\4.1.77.Final\netty-common-4.1.77.Final.jar;C:\Users\xiuyu\.m2\repository\io\netty\netty-buffer\4.1.77.Final\netty-buffer-4.1.77.Final.jar;C:\Users\xiuyu\.m2\repository\io\netty\netty-handler\4.1.77.Final\netty-handler-4.1.77.Final.jar;C:\Users\xiuyu\.m2\repository\io\netty\netty-transport-classes-epoll\4.1.77.Final\netty-transport-classes-epoll-4.1.77.Final.jar;C:\Users\xiuyu\.m2\repository\io\netty\netty-transport-native-unix-common\4.1.77.Final\netty-transport-native-unix-common-4.1.77.Final.jar;C:\Users\xiuyu\.m2\repository\com\typesafe\netty\netty-reactive-streams-http\2.0.5\netty-reactive-streams-http-2.0.5.jar;C:\Users\xiuyu\.m2\repository\com\typesafe\netty\netty-reactive-streams\2.0.5\netty-reactive-streams-2.0.5.jar;C:\Users\xiuyu\.m2\repository\com\google\guava\failureaccess\1.0.1\failureaccess-1.0.1.jar;C:\Users\xiuyu\.m2\repository\com\google\guava\listenablefuture\9999.0-empty-to-avoid-conflict-with-guava\listenablefuture-9999.0-empty-to-avoid-conflict-with-guava.jar;C:\Users\xiuyu\.m2\repository\com\google\code\findbugs\jsr305\3.0.2\jsr305-3.0.2.jar;C:\Users\xiuyu\.m2\repository\org\checkerframework\checker-qual\3.12.0\checker-qual-3.12.0.jar;C:\Users\xiuyu\.m2\repository\com\google\errorprone\error_prone_annotations\2.11.0\error_prone_annotations-2.11.0.jar;C:\Users\xiuyu\.m2\repository\com\google\j2objc\j2objc-annotations\1.3\j2objc-annotations-1.3.jar;C:\Users\xiuyu\.m2\repository\org\apache\maven\maven-plugin-api\3.8.5\maven-plugin-api-3.8.5.jar;C:\Users\xiuyu\.m2\repository\org\apache\maven\maven-model\3.8.5\maven-model-3.8.5.jar;C:\Users\xiuyu\.m2\repository\org\apache\maven\maven-artifact\3.8.5\maven-artifact-3.8.5.jar;C:\Users\xiuyu\.m2\repository\org\apache\commons\commons-lang3\3.8.1\commons-lang3-3.8.1.jar;C:\Users\xiuyu\.m2\repository\org\eclipse\sisu\org.eclipse.sisu.plexus\0.3.5\org.eclipse.sisu.plexus-0.3.5.jar;C:\Users\xiuyu\.m2\repository\javax\annotation\javax.annotation-api\1.2\javax.annotation-api-1.2.jar;C:\Users\xiuyu\.m2\repository\org\eclipse\sisu\org.eclipse.sisu.inject\0.3.5\org.eclipse.sisu.inject-0.3.5.jar;C:\Users\xiuyu\.m2\repository\org\codehaus\plexus\plexus-component-annotations\1.5.5\plexus-component-annotations-1.5.5.jar;C:\Users\xiuyu\.m2\repository\org\codehaus\plexus\plexus-utils\3.3.0\plexus-utils-3.3.0.jar;C:\Users\xiuyu\.m2\repository\org\codehaus\plexus\plexus-classworlds\2.6.0\plexus-classworlds-2.6.0.jar;C:\Users\xiuyu\.m2\repository\org\junit\jupiter\junit-jupiter-api\5.8.2\junit-jupiter-api-5.8.2.jar;C:\Users\xiuyu\.m2\repository\org\opentest4j\opentest4j\1.2.0\opentest4j-1.2.0.jar;C:\Users\xiuyu\.m2\repository\org\junit\platform\junit-platform-commons\1.8.2\junit-platform-commons-1.8.2.jar;C:\Users\xiuyu\.m2\repository\org\apiguardian\apiguardian-api\1.1.2\apiguardian-api-1.1.2.jar;C:\Users\xiuyu\.m2\repository\org\junit\jupiter\junit-jupiter-params\5.9.0-M1\junit-jupiter-params-5.9.0-M1.jar;C:\Users\xiuyu\.m2\repository\org\mockito\mockito-junit-jupiter\4.5.1\mockito-junit-jupiter-4.5.1.jar;C:\Users\xiuyu\.m2\repository\org\mockito\mockito-core\4.5.1\mockito-core-4.5.1.jar;C:\Users\xiuyu\.m2\repository\net\bytebuddy\byte-buddy\1.12.9\byte-buddy-1.12.9.jar;C:\Users\xiuyu\.m2\repository\net\bytebuddy\byte-buddy-agent\1.12.9\byte-buddy-agent-1.12.9.jar;C:\Users\xiuyu\.m2\repository\org\objenesis\objenesis\3.2\objenesis-3.2.jar;C:\Users\xiuyu\.m2\repository\org\hamcrest\hamcrest-core\1.3\hamcrest-core-1.3.jar;"/>
    <property name="sun.cpu.endian" value="little"/>
    <property name="user.home" value="C:\Users\xiuyu"/>
    <property name="user.language" value="zh"/>
    <property name="java.specification.vendor" value="Oracle Corporation"/>
    <property name="jdk.module.path" value="C:\Users\xiuyu\Documents\GitHub\Udasecurity-Java-new\starter\catpoint-parent\security-service\target\classes;C:\Users\xiuyu\.m2\repository\com\udacity\catpoint\image-service\1.0-SNAPSHOT\image-service-1.0-SNAPSHOT.jar;C:\Users\xiuyu\.m2\repository\software\amazon\awssdk\auth\2.17.201\auth-2.17.201.jar;C:\Users\xiuyu\.m2\repository\software\amazon\awssdk\sdk-core\2.17.201\sdk-core-2.17.201.jar;C:\Users\xiuyu\.m2\repository\software\amazon\awssdk\regions\2.17.201\regions-2.17.201.jar;C:\Users\xiuyu\.m2\repository\software\amazon\awssdk\rekognition\2.17.201\rekognition-2.17.201.jar;C:\Users\xiuyu\.m2\repository\com\miglayout\miglayout\3.5.5\miglayout-3.5.5.jar;C:\Users\xiuyu\.m2\repository\com\google\code\gson\gson\2.9.0\gson-2.9.0.jar;C:\Users\xiuyu\.m2\repository\com\google\guava\guava\31.1-jre\guava-31.1-jre.jar;C:\Users\xiuyu\.m2\repository\org\slf4j\slf4j-api\1.7.30\slf4j-api-1.7.30.jar;C:\Users\xiuyu\.m2\repository\junit\junit\4.13.2\junit-4.13.2.jar"/>
    <property name="java.version.date" value="2020-07-14"/>
    <property name="java.home" value="C:\Program Files (x86)\jdk-14.0.2"/>
    <property name="file.separator" value="\"/>
    <property name="basedir" value="C:\Users\xiuyu\Documents\GitHub\Udasecurity-Java-new\starter\catpoint-parent\security-service"/>
    <property name="java.vm.compressedOopsMode" value="Zero based"/>
    <property name="line.separator" value="&#10;"/>
    <property name="java.vm.specification.vendor" value="Oracle Corporation"/>
    <property name="java.specification.name" value="Java Platform API Specification"/>
    <property name="surefire.real.class.path" value="C:\Users\xiuyu\.m2\repository\org\apache\maven\surefire\surefire-booter\3.0.0-M5\surefire-booter-3.0.0-M5.jar;C:\Users\xiuyu\.m2\repository\org\apache\maven\surefire\surefire-api\3.0.0-M5\surefire-api-3.0.0-M5.jar;C:\Users\xiuyu\.m2\repository\org\apache\maven\surefire\surefire-logger-api\3.0.0-M5\surefire-logger-api-3.0.0-M5.jar;C:\Users\xiuyu\.m2\repository\org\apache\maven\surefire\surefire-shared-utils\3.0.0-M4\surefire-shared-utils-3.0.0-M4.jar;C:\Users\xiuyu\.m2\repository\org\apache\maven\surefire\surefire-extensions-spi\3.0.0-M5\surefire-extensions-spi-3.0.0-M5.jar;C:\Users\xiuyu\Documents\GitHub\Udasecurity-Java-new\starter\catpoint-parent\security-service\target\test-classes;C:\Users\xiuyu\.m2\repository\software\amazon\awssdk\annotations\2.17.201\annotations-2.17.201.jar;C:\Users\xiuyu\.m2\repository\software\amazon\awssdk\utils\2.17.201\utils-2.17.201.jar;C:\Users\xiuyu\.m2\repository\org\reactivestreams\reactive-streams\1.0.3\reactive-streams-1.0.3.jar;C:\Users\xiuyu\.m2\repository\software\amazon\awssdk\profiles\2.17.201\profiles-2.17.201.jar;C:\Users\xiuyu\.m2\repository\software\amazon\awssdk\http-client-spi\2.17.201\http-client-spi-2.17.201.jar;C:\Users\xiuyu\.m2\repository\software\amazon\awssdk\json-utils\2.17.201\json-utils-2.17.201.jar;C:\Users\xiuyu\.m2\repository\software\amazon\awssdk\third-party-jackson-core\2.17.201\third-party-jackson-core-2.17.201.jar;C:\Users\xiuyu\.m2\repository\software\amazon\eventstream\eventstream\1.0.1\eventstream-1.0.1.jar;C:\Users\xiuyu\.m2\repository\software\amazon\awssdk\aws-json-protocol\2.17.201\aws-json-protocol-2.17.201.jar;C:\Users\xiuyu\.m2\repository\software\amazon\awssdk\protocol-core\2.17.201\protocol-core-2.17.201.jar;C:\Users\xiuyu\.m2\repository\software\amazon\awssdk\aws-core\2.17.201\aws-core-2.17.201.jar;C:\Users\xiuyu\.m2\repository\software\amazon\awssdk\metrics-spi\2.17.201\metrics-spi-2.17.201.jar;C:\Users\xiuyu\.m2\repository\software\amazon\awssdk\apache-client\2.17.201\apache-client-2.17.201.jar;C:\Users\xiuyu\.m2\repository\org\apache\httpcomponents\httpclient\4.5.13\httpclient-4.5.13.jar;C:\Users\xiuyu\.m2\repository\commons-logging\commons-logging\1.2\commons-logging-1.2.jar;C:\Users\xiuyu\.m2\repository\commons-codec\commons-codec\1.11\commons-codec-1.11.jar;C:\Users\xiuyu\.m2\repository\org\apache\httpcomponents\httpcore\4.4.13\httpcore-4.4.13.jar;C:\Users\xiuyu\.m2\repository\software\amazon\awssdk\netty-nio-client\2.17.201\netty-nio-client-2.17.201.jar;C:\Users\xiuyu\.m2\repository\io\netty\netty-codec-http\4.1.77.Final\netty-codec-http-4.1.77.Final.jar;C:\Users\xiuyu\.m2\repository\io\netty\netty-codec-http2\4.1.77.Final\netty-codec-http2-4.1.77.Final.jar;C:\Users\xiuyu\.m2\repository\io\netty\netty-codec\4.1.77.Final\netty-codec-4.1.77.Final.jar;C:\Users\xiuyu\.m2\repository\io\netty\netty-transport\4.1.77.Final\netty-transport-4.1.77.Final.jar;C:\Users\xiuyu\.m2\repository\io\netty\netty-resolver\4.1.77.Final\netty-resolver-4.1.77.Final.jar;C:\Users\xiuyu\.m2\repository\io\netty\netty-common\4.1.77.Final\netty-common-4.1.77.Final.jar;C:\Users\xiuyu\.m2\repository\io\netty\netty-buffer\4.1.77.Final\netty-buffer-4.1.77.Final.jar;C:\Users\xiuyu\.m2\repository\io\netty\netty-handler\4.1.77.Final\netty-handler-4.1.77.Final.jar;C:\Users\xiuyu\.m2\repository\io\netty\netty-transport-classes-epoll\4.1.77.Final\netty-transport-classes-epoll-4.1.77.Final.jar;C:\Users\xiuyu\.m2\repository\io\netty\netty-transport-native-unix-common\4.1.77.Final\netty-transport-native-unix-common-4.1.77.Final.jar;C:\Users\xiuyu\.m2\repository\com\typesafe\netty\netty-reactive-streams-http\2.0.5\netty-reactive-streams-http-2.0.5.jar;C:\Users\xiuyu\.m2\repository\com\typesafe\netty\netty-reactive-streams\2.0.5\netty-reactive-streams-2.0.5.jar;C:\Users\xiuyu\.m2\repository\com\google\guava\failureaccess\1.0.1\failureaccess-1.0.1.jar;C:\Users\xiuyu\.m2\repository\com\google\guava\listenablefuture\9999.0-empty-to-avoid-conflict-with-guava\listenablefuture-9999.0-empty-to-avoid-conflict-with-guava.jar;C:\Users\xiuyu\.m2\repository\com\google\code\findbugs\jsr305\3.0.2\jsr305-3.0.2.jar;C:\Users\xiuyu\.m2\repository\org\checkerframework\checker-qual\3.12.0\checker-qual-3.12.0.jar;C:\Users\xiuyu\.m2\repository\com\google\errorprone\error_prone_annotations\2.11.0\error_prone_annotations-2.11.0.jar;C:\Users\xiuyu\.m2\repository\com\google\j2objc\j2objc-annotations\1.3\j2objc-annotations-1.3.jar;C:\Users\xiuyu\.m2\repository\org\apache\maven\maven-plugin-api\3.8.5\maven-plugin-api-3.8.5.jar;C:\Users\xiuyu\.m2\repository\org\apache\maven\maven-model\3.8.5\maven-model-3.8.5.jar;C:\Users\xiuyu\.m2\repository\org\apache\maven\maven-artifact\3.8.5\maven-artifact-3.8.5.jar;C:\Users\xiuyu\.m2\repository\org\apache\commons\commons-lang3\3.8.1\commons-lang3-3.8.1.jar;C:\Users\xiuyu\.m2\repository\org\eclipse\sisu\org.eclipse.sisu.plexus\0.3.5\org.eclipse.sisu.plexus-0.3.5.jar;C:\Users\xiuyu\.m2\repository\javax\annotation\javax.annotation-api\1.2\javax.annotation-api-1.2.jar;C:\Users\xiuyu\.m2\repository\org\eclipse\sisu\org.eclipse.sisu.inject\0.3.5\org.eclipse.sisu.inject-0.3.5.jar;C:\Users\xiuyu\.m2\repository\org\codehaus\plexus\plexus-component-annotations\1.5.5\plexus-component-annotations-1.5.5.jar;C:\Users\xiuyu\.m2\repository\org\codehaus\plexus\plexus-utils\3.3.0\plexus-utils-3.3.0.jar;C:\Users\xiuyu\.m2\repository\org\codehaus\plexus\plexus-classworlds\2.6.0\plexus-classworlds-2.6.0.jar;C:\Users\xiuyu\.m2\repository\org\junit\jupiter\junit-jupiter-api\5.8.2\junit-jupiter-api-5.8.2.jar;C:\Users\xiuyu\.m2\repository\org\opentest4j\opentest4j\1.2.0\opentest4j-1.2.0.jar;C:\Users\xiuyu\.m2\repository\org\junit\platform\junit-platform-commons\1.8.2\junit-platform-commons-1.8.2.jar;C:\Users\xiuyu\.m2\repository\org\apiguardian\apiguardian-api\1.1.2\apiguardian-api-1.1.2.jar;C:\Users\xiuyu\.m2\repository\org\junit\jupiter\junit-jupiter-params\5.9.0-M1\junit-jupiter-params-5.9.0-M1.jar;C:\Users\xiuyu\.m2\repository\org\mockito\mockito-junit-jupiter\4.5.1\mockito-junit-jupiter-4.5.1.jar;C:\Users\xiuyu\.m2\repository\org\mockito\mockito-core\4.5.1\mockito-core-4.5.1.jar;C:\Users\xiuyu\.m2\repository\net\bytebuddy\byte-buddy\1.12.9\byte-buddy-1.12.9.jar;C:\Users\xiuyu\.m2\repository\net\bytebuddy\byte-buddy-agent\1.12.9\byte-buddy-agent-1.12.9.jar;C:\Users\xiuyu\.m2\repository\org\objenesis\objenesis\3.2\objenesis-3.2.jar;C:\Users\xiuyu\.m2\repository\org\hamcrest\hamcrest-core\1.3\hamcrest-core-1.3.jar;C:\Users\xiuyu\.m2\repository\org\apache\maven\surefire\surefire-junit-platform\3.0.0-M5\surefire-junit-platform-3.0.0-M5.jar;C:\Users\xiuyu\.m2\repository\org\apache\maven\surefire\common-java5\3.0.0-M5\common-java5-3.0.0-M5.jar;C:\Users\xiuyu\.m2\repository\org\junit\platform\junit-platform-launcher\1.8.2\junit-platform-launcher-1.8.2.jar;C:\Users\xiuyu\.m2\repository\org\junit\platform\junit-platform-engine\1.8.2\junit-platform-engine-1.8.2.jar;C:\Users\xiuyu\.m2\repository\org\junit\jupiter\junit-jupiter-engine\5.8.2\junit-jupiter-engine-5.8.2.jar;C:\Users\xiuyu\.m2\repository\org\junit\vintage\junit-vintage-engine\5.8.2\junit-vintage-engine-5.8.2.jar"/>
    <property name="user.script" value=""/>
    <property name="sun.management.compiler" value="HotSpot 64-Bit Tiered Compilers"/>
    <property name="java.runtime.version" value="14.0.2+12-46"/>
    <property name="user.name" value="xiuyu"/>
    <property name="path.separator" value=";"/>
    <property name="os.version" value="10.0"/>
    <property name="java.runtime.name" value="Java(TM) SE Runtime Environment"/>
    <property name="file.encoding" value="GBK"/>
    <property name="java.vm.name" value="Java HotSpot(TM) 64-Bit Server VM"/>
    <property name="localRepository" value="C:\Users\xiuyu\.m2\repository"/>
    <property name="java.vendor.url.bug" value="https://bugreport.java.com/bugreport/"/>
    <property name="java.io.tmpdir" value="C:\Users\xiuyu\AppData\Local\Temp\"/>
    <property name="idea.version" value="2021.3.3"/>
    <property name="java.version" value="14.0.2"/>
    <property name="user.dir" value="C:\Users\xiuyu\Documents\GitHub\Udasecurity-Java-new\starter\catpoint-parent\security-service"/>
    <property name="os.arch" value="amd64"/>
    <property name="java.vm.specification.name" value="Java Virtual Machine Specification"/>
    <property name="sun.os.patch.level" value=""/>
    <property name="java.library.path" value="C:\Program Files (x86)\jdk-14.0.2\bin;C:\Windows\Sun\Java\bin;C:\Windows\system32;C:\Windows;C:\Program Files\Common Files\Oracle\Java\javapath;C:\Program Files\NVIDIA GPU Computing Toolkit\CUDA\v11.5\bin;C:\Program Files\NVIDIA GPU Computing Toolkit\CUDA\v11.5\libnvvp;C:\Windows\system32;C:\Windows;C:\Windows\System32\Wbem;C:\Windows\System32\WindowsPowerShell\v1.0\;C:\Windows\System32\OpenSSH\;C:\Program Files (x86)\NVIDIA Corporation\PhysX\Common;D:\Program Files\MATLAB\R2020b\bin;C:\Program Files\MiKTeX\miktex\bin\x64\;C:\Program Files\dotnet\;C:\Program Files\IDM Computer Solutions\UltraEdit;D:\Program Files\Git\cmd;C:\Program Files\NVIDIA Corporation\Nsight Compute 2021.3.0\;C:\Program Files\NVIDIA Corporation\NVIDIA NvDLISR;C:\Program Files\PuTTY\;C:\Program Files\Amazon\AWSCLIV2\;C:\Program Files\nodejs\;C:\Program Files\GitHub CLI\;C:\Program Files\Docker\Docker\resources\bin;C:\ProgramData\DockerDesktop\version-bin;C:\Users\xiuyu\Documents\apache-maven-3.8.5\bin;C:\Users\xiuyu\AppData\Local\Programs\Python\Python310\Scripts\;C:\Users\xiuyu\AppData\Local\Programs\Python\Python310\;C:\Users\xiuyu\AppData\Local\Microsoft\WindowsApps;C:\Users\xiuyu\AppData\Local\atom\bin;C:\Users\xiuyu\AppData\Local\GitHubDesktop\bin;C:\Program Files\JetBrains\PyCharm Community Edition 2020.3\bin;;C:\Program Files\JetBrains\DataGrip 2020.3.2\bin;;C:\Users\xiuyu\.dotnet\tools;D:\Users\xiuyu\AppData\Local\Programs\Microsoft VS Code\bin;D:\Program Files\JetBrains\PyCharm 2021.2\bin;;C:\Users\xiuyu\AppData\Local\Programs\MiKTeX\miktex\bin\x64\;C:\Users\xiuyu\AppData\Roaming\npm;C:\Program Files\xpdf-tools-win-4.03\bin64;C:\Program Files\JetBrains\WebStorm 2022.1\bin;;C:\Program Files\PostgreSQL\14\bin;C:\Users\xiuyu\.ebcli-virtual-env\executables;C:\Program Files\JetBrains\IntelliJ IDEA 2021.3.3\bin;;C:\Users\xiuyu\Documents\apache-maven-3.8.5\bin;;."/>
    <property name="java.vm.info" value="mixed mode"/>
    <property name="java.vendor" value="Oracle Corporation"/>
    <property name="java.vm.version" value="14.0.2+12-46"/>
    <property name="sun.io.unicode.encoding" value="UnicodeLittle"/>
    <property name="java.class.version" value="58.0"/>
  </properties>
  <testcase name="ifDisarmedAndAlarmIsActiveAndActivateAlarm_setToPendingAlarm" classname="com.udacity.catpoint.securityservice.service.SecurityServiceTest" time="0.539"/>
  <testcase name="ifAlarmIsArmedAndSensorIsActive_setAlarmStatusToPENDING_ALARM(ArmingStatus)[1]" classname="com.udacity.catpoint.securityservice.service.SecurityServiceTest" time="0.017"/>
  <testcase name="ifAlarmIsArmedAndSensorIsActive_setAlarmStatusToPENDING_ALARM(ArmingStatus)[2]" classname="com.udacity.catpoint.securityservice.service.SecurityServiceTest" time="0.003"/>
  <testcase name="ifDisarmed_setToNoAlarm" classname="com.udacity.catpoint.securityservice.service.SecurityServiceTest" time="0.002"/>
  <testcase name="ifImageNotContainsACatAndSensorsAreNotActive_setToNoAlarm" classname="com.udacity.catpoint.securityservice.service.SecurityServiceTest" time="0.003"/>
  <testcase name="ifPendingAlarmAndDeactivateASensor_setToNoAlarm" classname="com.udacity.catpoint.securityservice.service.SecurityServiceTest" time="0.003"/>
  <testcase name="ifArmed_setAllSensorsToInactive(ArmingStatus)[1]" classname="com.udacity.catpoint.securityservice.service.SecurityServiceTest" time="0.045"/>
  <testcase name="ifArmed_setAllSensorsToInactive(ArmingStatus)[2]" classname="com.udacity.catpoint.securityservice.service.SecurityServiceTest" time="0.002"/>
  <testcase name="ifPendingAlarmAndSensorsAreInactive_setToNoAlarm" classname="com.udacity.catpoint.securityservice.service.SecurityServiceTest" time="0.001"/>
  <testcase name="ifDeactivateAlreadyInActiveSensor_shouldNotAffectAlarmState" classname="com.udacity.catpoint.securityservice.service.SecurityServiceTest" time="0.001"/>
  <testcase name="testAddRemoveListener" classname="com.udacity.catpoint.securityservice.service.SecurityServiceTest" time="0"/>
  <testcase name="ifDisarmedAndActivateASensor_setToPendingAlarm" classname="com.udacity.catpoint.securityservice.service.SecurityServiceTest" time="0.001"/>
  <testcase name="ifArmed_homeAndImageContainsACat_setToAlarm" classname="com.udacity.catpoint.securityservice.service.SecurityServiceTest" time="0.001"/>
  <testcase name="ifPendingAndActivateAnAlreadyActivatedSensor_setToAlarm" classname="com.udacity.catpoint.securityservice.service.SecurityServiceTest" time="0.002"/>
  <testcase name="testAddRemoveSensor" classname="com.udacity.catpoint.securityservice.service.SecurityServiceTest" time="0.001"/>
  <testcase name="ifArmed_homeAndImageContainsACat_setAlarmToAlarm" classname="com.udacity.catpoint.securityservice.service.SecurityServiceTest" time="0.003"/>
  <testcase name="ifArmedHomeAndImageContainsACat_setToAlarm" classname="com.udacity.catpoint.securityservice.service.SecurityServiceTest" time="0.001"/>
  <testcase name="ifAlarmIsArmedAndSensorIsActiveAndSensorIsPendingAlarm_setAlarmStatusToAlarm(ArmingStatus)[1]" classname="com.udacity.catpoint.securityservice.service.SecurityServiceTest" time="0.001"/>
  <testcase name="ifAlarmIsArmedAndSensorIsActiveAndSensorIsPendingAlarm_setAlarmStatusToAlarm(ArmingStatus)[2]" classname="com.udacity.catpoint.securityservice.service.SecurityServiceTest" time="0.002"/>
  <testcase name="ifAlarmIsActive_sensorStateChange_shouldNotAffectAlarmState(boolean)[1]" classname="com.udacity.catpoint.securityservice.service.SecurityServiceTest" time="0.003"/>
  <testcase name="ifAlarmIsActive_sensorStateChange_shouldNotAffectAlarmState(boolean)[2]" classname="com.udacity.catpoint.securityservice.service.SecurityServiceTest" time="0.003"/>
</testsuite>